<?xml version="1.0" encoding="UTF-8"?>
<!-- Generated by org.testng.reporters.JUnitReportReporter -->
<testsuite hostname="Bishal-PC" failures="0" tests="1" name="TestCases.Loginto_Ultimatix" time="76.547" errors="0" timestamp="07 Mar 2020 13:29:30 GMT" skipped="0">
  <testcase classname="TestCases.Loginto_Ultimatix" name="Login" time="76.547"/>
</testsuite> <!-- TestCases.Loginto_Ultimatix -->
