<?xml version="1.0" encoding="UTF-8"?>
<!-- Generated by org.testng.reporters.JUnitReportReporter -->
<testsuite hostname="Bishal-PC" failures="0" tests="1" name="TestCases.SpiceJetFlightBooking" time="91.433" errors="0" timestamp="21 Mar 2020 15:24:05 GMT" skipped="0">
  <testcase classname="TestCases.SpiceJetFlightBooking" name="BookFlight" time="91.433"/>
</testsuite> <!-- TestCases.SpiceJetFlightBooking -->
