<?xml version="1.0" encoding="UTF-8"?>
<!-- Generated by org.testng.reporters.JUnitReportReporter -->
<testsuite hostname="Bishal-PC" failures="0" tests="1" name="TestCases.HDFCWindowHandling" time="43.258" errors="0" timestamp="29 Sep 2019 13:10:55 GMT" skipped="0">
  <testcase classname="TestCases.HDFCWindowHandling" name="HDFC_Window_Handling" time="43.258"/>
</testsuite> <!-- TestCases.HDFCWindowHandling -->
