<?xml version="1.0" encoding="UTF-8"?>
<!-- Generated by org.testng.reporters.JUnitReportReporter -->
<testsuite hostname="Bishal-PC" failures="0" tests="1" name="TestCases.Search_Federer_Ranking" time="61.966" errors="0" timestamp="15 Feb 2020 07:37:37 GMT" skipped="0">
  <testcase classname="TestCases.Search_Federer_Ranking" name="SearchRanking" time="61.966"/>
</testsuite> <!-- TestCases.Search_Federer_Ranking -->
