<?xml version="1.0" encoding="UTF-8"?>
<!-- Generated by org.testng.reporters.JUnitReportReporter -->
<testsuite hostname="Bishal-PC" failures="0" tests="1" name="TestCases.CheckAssert" time="100.040" errors="0" timestamp="24 Nov 2019 14:29:12 GMT" skipped="0">
  <testcase classname="TestCases.CheckAssert" name="SearchHotelsInAirBnb" time="100.040"/>
</testsuite> <!-- TestCases.CheckAssert -->
