<?xml version="1.0" encoding="UTF-8"?>
<!-- Generated by org.testng.reporters.JUnitReportReporter -->
<testsuite hostname="Bishal-PC" failures="0" tests="1" name="TestCases.CheckAssert" time="47.813" errors="0" timestamp="19 Nov 2019 07:36:55 GMT" skipped="0">
  <testcase classname="TestCases.CheckAssert" name="SearchHotelsInAirBnb" time="47.813"/>
</testsuite> <!-- TestCases.CheckAssert -->
