<?xml version="1.0" encoding="UTF-8"?>
<!-- Generated by org.testng.reporters.JUnitReportReporter -->
<testsuite hostname="Bishal-PC" failures="0" tests="1" name="TestCases.AirIndiaTest" time="44.279" errors="0" timestamp="29 Mar 2020 15:18:38 GMT" skipped="0">
  <testcase classname="TestCases.AirIndiaTest" name="AIR_Test" time="44.279"/>
</testsuite> <!-- TestCases.AirIndiaTest -->
