<?xml version="1.0" encoding="UTF-8"?>
<!-- Generated by org.testng.reporters.JUnitReportReporter -->
<testsuite hostname="Bishal-PC" failures="0" tests="1" name="TestCases.FindCoronaCount" time="169.469" errors="0" timestamp="04 Apr 2020 07:19:14 GMT" skipped="0">
  <testcase classname="TestCases.FindCoronaCount" name="FindCount" time="169.469"/>
</testsuite> <!-- TestCases.FindCoronaCount -->
