<?xml version="1.0" encoding="UTF-8"?>
<!-- Generated by org.testng.reporters.JUnitReportReporter -->
<testsuite hostname="Bishal-PC" failures="0" tests="1" name="TestCases.LoginTestCase" time="0.000" errors="0" timestamp="22 Sep 2019 14:52:15 GMT" skipped="1">
  <testcase classname="TestCases.LoginTestCase" name="Login" time="0.000">
    <skipped/>
  </testcase> <!-- Login -->
</testsuite> <!-- TestCases.LoginTestCase -->
