<?xml version="1.0" encoding="UTF-8"?>
<!-- Generated by org.testng.reporters.JUnitReportReporter -->
<testsuite hostname="Bishal-PC" failures="0" tests="1" name="TestCases.WebTableHandling" time="15.639" errors="0" timestamp="19 Oct 2019 14:01:57 GMT" skipped="0">
  <testcase classname="TestCases.WebTableHandling" name="TableHandling" time="15.639"/>
</testsuite> <!-- TestCases.WebTableHandling -->
