<?xml version="1.0" encoding="UTF-8"?>
<!-- Generated by org.testng.reporters.JUnitReportReporter -->
<testsuite hostname="Bishal-PC" failures="0" tests="1" name="TestCases.CheckAssert" time="62.176" errors="0" timestamp="07 Dec 2019 12:21:19 GMT" skipped="0">
  <testcase classname="TestCases.CheckAssert" name="SearchHotelsInAirBnb" time="62.176"/>
</testsuite> <!-- TestCases.CheckAssert -->
