<?xml version="1.0" encoding="UTF-8"?>
<!-- Generated by org.testng.reporters.JUnitReportReporter -->
<testsuite hostname="Bishal-PC" failures="0" tests="1" name="TestCases.GetPageSource" time="31.105" errors="0" timestamp="01 Dec 2019 13:13:43 GMT" skipped="0">
  <testcase classname="TestCases.GetPageSource" name="FindPageSource" time="31.105"/>
</testsuite> <!-- TestCases.GetPageSource -->
