<?xml version="1.0" encoding="UTF-8"?>
<!-- Generated by org.testng.reporters.JUnitReportReporter -->
<testsuite hostname="Bishal-PC" failures="0" tests="1" name="TestCases.UltimatixImageSearch" time="56.745" errors="0" timestamp="01 Feb 2020 14:53:14 GMT" skipped="0">
  <testcase classname="TestCases.UltimatixImageSearch" name="SearchImage" time="56.745"/>
</testsuite> <!-- TestCases.UltimatixImageSearch -->
