<?xml version="1.0" encoding="UTF-8"?>
<!-- Generated by org.testng.reporters.JUnitReportReporter -->
<testsuite hostname="Bishal-PC" failures="0" tests="1" name="TestCases.ComposeEmail" time="73.678" errors="0" timestamp="11 Jan 2020 10:59:41 GMT" skipped="0">
  <testcase classname="TestCases.ComposeEmail" name="ComposeAnEmail" time="73.678"/>
</testsuite> <!-- TestCases.ComposeEmail -->
