<?xml version="1.0" encoding="UTF-8"?>
<!-- Generated by org.testng.reporters.JUnitReportReporter -->
<testsuite hostname="Bishal-PC" failures="0" tests="1" name="TestCases.NaukriDotCom" time="36.559" errors="0" timestamp="26 Oct 2019 12:30:48 GMT" skipped="0">
  <testcase classname="TestCases.NaukriDotCom" name="NaukriWindowHandling" time="36.559"/>
</testsuite> <!-- TestCases.NaukriDotCom -->
