<?xml version="1.0" encoding="UTF-8"?>
<!-- Generated by org.testng.reporters.JUnitReportReporter -->
<testsuite hostname="Bishal-PC" failures="0" tests="1" name="TestCases.GoogleAutoSuggestiveDropdown" time="40.199" errors="0" timestamp="14 Mar 2020 15:22:25 GMT" skipped="0">
  <testcase classname="TestCases.GoogleAutoSuggestiveDropdown" name="Google" time="40.199"/>
</testsuite> <!-- TestCases.GoogleAutoSuggestiveDropdown -->
