<?xml version="1.0" encoding="UTF-8"?>
<!-- Generated by org.testng.reporters.JUnitReportReporter -->
<testsuite hostname="Bishal-PC" failures="0" tests="1" name="TestCases.FacebookLogin" time="34.651" errors="0" timestamp="04 Oct 2019 16:42:15 GMT" skipped="0">
  <testcase classname="TestCases.FacebookLogin" name="FBLogin" time="34.651"/>
</testsuite> <!-- TestCases.FacebookLogin -->
