<?xml version="1.0" encoding="UTF-8"?>
<!-- Generated by org.testng.reporters.JUnitReportReporter -->
<testsuite hostname="Bishal-PC" failures="0" tests="1" name="TestCases.GetPageSource" time="28.223" errors="0" timestamp="01 Dec 2019 12:01:59 GMT" skipped="0">
  <testcase classname="TestCases.GetPageSource" name="FindPageSource" time="28.223"/>
</testsuite> <!-- TestCases.GetPageSource -->
