<?xml version="1.0" encoding="UTF-8"?>
<!-- Generated by org.testng.reporters.JUnitReportReporter -->
<testsuite hostname="Bishal-PC" failures="0" tests="1" name="TestCases.SpiceJetFlightBooking" time="54.839" errors="0" timestamp="21 Mar 2020 06:16:49 GMT" skipped="0">
  <testcase classname="TestCases.SpiceJetFlightBooking" name="BookFlight" time="54.839"/>
</testsuite> <!-- TestCases.SpiceJetFlightBooking -->
