<?xml version="1.0" encoding="UTF-8"?>
<!-- Generated by org.testng.reporters.JUnitReportReporter -->
<testsuite hostname="Bishal-PC" failures="0" tests="1" name="TestCases.Guru99ScrollTestCase" time="34.204" errors="0" timestamp="19 Oct 2019 14:34:11 GMT" skipped="0">
  <testcase classname="TestCases.Guru99ScrollTestCase" name="ScrollPage" time="34.204"/>
</testsuite> <!-- TestCases.Guru99ScrollTestCase -->
