<?xml version="1.0" encoding="UTF-8"?>
<!-- Generated by org.testng.reporters.JUnitReportReporter -->
<testsuite hostname="Bishal-PC" failures="0" tests="1" name="TestCases.Loginto_Ultimatix" time="86.243" errors="0" timestamp="14 Mar 2020 04:42:34 GMT" skipped="0">
  <testcase classname="TestCases.Loginto_Ultimatix" name="Login" time="86.243"/>
</testsuite> <!-- TestCases.Loginto_Ultimatix -->
