<?xml version="1.0" encoding="UTF-8"?>
<!-- Generated by org.testng.reporters.JUnitReportReporter -->
<testsuite hostname="Bishal-PC" failures="0" tests="1" name="TestCases.Search_Tiger_In_Leaderboard" time="95.041" errors="0" timestamp="08 Feb 2020 08:15:00 GMT" skipped="0">
  <testcase classname="TestCases.Search_Tiger_In_Leaderboard" name="SearchTiger" time="95.041"/>
</testsuite> <!-- TestCases.Search_Tiger_In_Leaderboard -->
