<?xml version="1.0" encoding="UTF-8"?>
<!-- Generated by org.testng.reporters.JUnitReportReporter -->
<testsuite hostname="Bishal-PC" failures="0" tests="1" name="TestCases.AlertTest" time="22.636" errors="0" timestamp="23 Feb 2020 10:57:19 GMT" skipped="0">
  <testcase classname="TestCases.AlertTest" name="CheckAlertFunctions" time="22.636"/>
</testsuite> <!-- TestCases.AlertTest -->
