<?xml version="1.0" encoding="UTF-8"?>
<!-- Generated by org.testng.reporters.JUnitReportReporter -->
<testsuite hostname="Bishal-PC" failures="0" tests="1" name="TestCases.AutoIT_FileUpload" time="112.196" errors="0" timestamp="18 Jan 2020 13:46:38 GMT" skipped="0">
  <testcase classname="TestCases.AutoIT_FileUpload" name="AutoIT_Test" time="112.196"/>
</testsuite> <!-- TestCases.AutoIT_FileUpload -->
