<?xml version="1.0" encoding="UTF-8"?>
<!-- Generated by org.testng.reporters.JUnitReportReporter -->
<testsuite hostname="Bishal-PC" failures="0" tests="1" name="TestCases.SearchJob" time="51.067" errors="0" timestamp="29 Feb 2020 11:22:01 GMT" skipped="0">
  <testcase classname="TestCases.SearchJob" name="FindJob" time="51.067"/>
</testsuite> <!-- TestCases.SearchJob -->
